17:21:56 DEBUG : Logs will be stored at 'C:/Users/Jeyun/Desktop/fpga/barami_project_2024/memory/workspace/IDE.log'.
17:22:01 INFO  : Launching XSCT server: xsct.bat -n  -interactive C:\Users\Jeyun\Desktop\fpga\barami_project_2024\memory\workspace\temp_xsdb_launch_script.tcl
17:22:01 INFO  : Registering command handlers for Vitis TCF services
17:22:02 INFO  : Platform repository initialization has completed.
17:22:04 INFO  : XSCT server has started successfully.
17:22:04 INFO  : Successfully done setting XSCT server connection channel  
17:22:04 INFO  : plnx-install-location is set to ''
17:22:04 INFO  : Successfully done query RDI_DATADIR 
17:22:04 INFO  : Successfully done setting workspace for the tool. 
17:24:41 INFO  : Result from executing command 'getProjects': top
17:24:41 INFO  : Result from executing command 'getPlatforms': xilinx_vck190_base_202220_1|C:/Xilinx/Vitis/2022.2/base_platforms/xilinx_vck190_base_202220_1/xilinx_vck190_base_202220_1.xpfm;xilinx_vck190_base_dfx_202220_1|C:/Xilinx/Vitis/2022.2/base_platforms/xilinx_vck190_base_dfx_202220_1/xilinx_vck190_base_dfx_202220_1.xpfm;xilinx_vmk180_base_202220_1|C:/Xilinx/Vitis/2022.2/base_platforms/xilinx_vmk180_base_202220_1/xilinx_vmk180_base_202220_1.xpfm;xilinx_zcu102_base_202220_1|C:/Xilinx/Vitis/2022.2/base_platforms/xilinx_zcu102_base_202220_1/xilinx_zcu102_base_202220_1.xpfm;xilinx_zcu102_base_dfx_202220_1|C:/Xilinx/Vitis/2022.2/base_platforms/xilinx_zcu102_base_dfx_202220_1/xilinx_zcu102_base_dfx_202220_1.xpfm;xilinx_zcu104_base_202220_1|C:/Xilinx/Vitis/2022.2/base_platforms/xilinx_zcu104_base_202220_1/xilinx_zcu104_base_202220_1.xpfm
17:24:42 WARN  : An unexpected exception occurred in the module 'platform project logging'
17:24:43 INFO  : Platform 'top' is added to custom repositories.
17:24:52 INFO  : Platform 'top' is added to custom repositories.
17:30:12 INFO  : Result from executing command 'getProjects': top
17:30:12 INFO  : Result from executing command 'getPlatforms': top|C:/Users/Jeyun/Desktop/fpga/barami_project_2024/memory/workspace/top/export/top/top.xpfm;xilinx_vck190_base_202220_1|C:/Xilinx/Vitis/2022.2/base_platforms/xilinx_vck190_base_202220_1/xilinx_vck190_base_202220_1.xpfm;xilinx_vck190_base_dfx_202220_1|C:/Xilinx/Vitis/2022.2/base_platforms/xilinx_vck190_base_dfx_202220_1/xilinx_vck190_base_dfx_202220_1.xpfm;xilinx_vmk180_base_202220_1|C:/Xilinx/Vitis/2022.2/base_platforms/xilinx_vmk180_base_202220_1/xilinx_vmk180_base_202220_1.xpfm;xilinx_zcu102_base_202220_1|C:/Xilinx/Vitis/2022.2/base_platforms/xilinx_zcu102_base_202220_1/xilinx_zcu102_base_202220_1.xpfm;xilinx_zcu102_base_dfx_202220_1|C:/Xilinx/Vitis/2022.2/base_platforms/xilinx_zcu102_base_dfx_202220_1/xilinx_zcu102_base_dfx_202220_1.xpfm;xilinx_zcu104_base_202220_1|C:/Xilinx/Vitis/2022.2/base_platforms/xilinx_zcu104_base_202220_1/xilinx_zcu104_base_202220_1.xpfm
17:30:13 INFO  : Checking for BSP changes to sync application flags for project 'project'...
17:32:25 INFO  : Connected to target on host '127.0.0.1' and port '3121'.
17:32:26 INFO  : Jtag cable 'Digilent Zybo Z7 210351B485AFA' is selected.
17:32:26 INFO  : 'jtag frequency' command is executed.
17:32:26 INFO  : Context for 'APU' is selected.
17:32:26 INFO  : System reset is completed.
17:32:29 INFO  : 'after 3000' command is executed.
17:32:29 INFO  : 'targets -set -filter {jtag_cable_name =~ "Digilent Zybo Z7 210351B485AFA" && level==0 && jtag_device_ctx=="jsn-Zybo Z7-210351B485AFA-13722093-0"}' command is executed.
17:32:31 INFO  : Device configured successfully with "C:/Users/Jeyun/Desktop/fpga/barami_project_2024/memory/workspace/project/_ide/bitstream/top.bit"
17:32:31 INFO  : Context for 'APU' is selected.
17:32:31 INFO  : Hardware design and registers information is loaded from 'C:/Users/Jeyun/Desktop/fpga/barami_project_2024/memory/workspace/top/export/top/hw/top.xsa'.
17:32:31 INFO  : 'configparams force-mem-access 1' command is executed.
17:32:31 INFO  : Context for 'APU' is selected.
17:32:31 INFO  : Sourcing of 'C:/Users/Jeyun/Desktop/fpga/barami_project_2024/memory/workspace/project/_ide/psinit/ps7_init.tcl' is done.
17:32:31 INFO  : 'ps7_init' command is executed.
17:32:31 INFO  : 'ps7_post_config' command is executed.
17:32:31 INFO  : Context for processor 'ps7_cortexa9_0' is selected.
17:32:31 INFO  : The application 'C:/Users/Jeyun/Desktop/fpga/barami_project_2024/memory/workspace/project/Debug/project.elf' is downloaded to processor 'ps7_cortexa9_0'.
17:32:32 INFO  : 'configparams force-mem-access 0' command is executed.
17:32:32 INFO  : ----------------XSDB Script----------------
connect -url tcp:127.0.0.1:3121
targets -set -nocase -filter {name =~"APU*"}
rst -system
after 3000
targets -set -filter {jtag_cable_name =~ "Digilent Zybo Z7 210351B485AFA" && level==0 && jtag_device_ctx=="jsn-Zybo Z7-210351B485AFA-13722093-0"}
fpga -file C:/Users/Jeyun/Desktop/fpga/barami_project_2024/memory/workspace/project/_ide/bitstream/top.bit
targets -set -nocase -filter {name =~"APU*"}
loadhw -hw C:/Users/Jeyun/Desktop/fpga/barami_project_2024/memory/workspace/top/export/top/hw/top.xsa -mem-ranges [list {0x40000000 0xbfffffff}] -regs
configparams force-mem-access 1
targets -set -nocase -filter {name =~"APU*"}
source C:/Users/Jeyun/Desktop/fpga/barami_project_2024/memory/workspace/project/_ide/psinit/ps7_init.tcl
ps7_init
ps7_post_config
targets -set -nocase -filter {name =~ "*A9*#0"}
dow C:/Users/Jeyun/Desktop/fpga/barami_project_2024/memory/workspace/project/Debug/project.elf
configparams force-mem-access 0
----------------End of Script----------------

17:32:32 INFO  : Context for processor 'ps7_cortexa9_0' is selected.
17:32:32 INFO  : 'con' command is executed.
17:32:32 INFO  : ----------------XSDB Script (After Launch)----------------
targets -set -nocase -filter {name =~ "*A9*#0"}
con
----------------End of Script----------------

17:32:32 INFO  : Launch script is exported to file 'C:\Users\Jeyun\Desktop\fpga\barami_project_2024\memory\workspace\project_system\_ide\scripts\debugger_project-default.tcl'
17:33:17 INFO  : Checking for BSP changes to sync application flags for project 'project'...
17:33:33 INFO  : Disconnected from the channel tcfchan#2.
17:33:34 INFO  : Connected to target on host '127.0.0.1' and port '3121'.
17:33:43 INFO  : ----------------XSDB Script----------------
connect -url tcp:127.0.0.1:3121
----------------End of Script----------------

17:33:43 ERROR : Could not find ARM device on the board for connection 'Local'.
Check if the target is in:
1. Split JTAG - No operations are possible with ARM DAP.
2. Non JTAG bootmode - Bootrom may need time to enable DAP.
Please try again.


Troubleshooting hints:
1. Check whether board is connected to system properly.
2. In case of zynq board, check whether Digilent/Xilinx cable switch settings are correct.
3. If you are using Xilinx Platform Cable USB, ensure that status LED is green.
17:47:54 INFO  : Connected to target on host '127.0.0.1' and port '3121'.
17:47:57 INFO  : Jtag cable 'Digilent Zybo Z7 210351B485AFA' is selected.
17:47:57 INFO  : 'jtag frequency' command is executed.
17:47:57 INFO  : Context for 'APU' is selected.
17:47:57 INFO  : System reset is completed.
17:48:00 INFO  : 'after 3000' command is executed.
17:48:00 INFO  : 'targets -set -filter {jtag_cable_name =~ "Digilent Zybo Z7 210351B485AFA" && level==0 && jtag_device_ctx=="jsn-Zybo Z7-210351B485AFA-13722093-0"}' command is executed.
17:48:02 INFO  : Device configured successfully with "C:/Users/Jeyun/Desktop/fpga/barami_project_2024/memory/workspace/project/_ide/bitstream/top.bit"
17:48:02 INFO  : Context for 'APU' is selected.
17:48:02 INFO  : Hardware design and registers information is loaded from 'C:/Users/Jeyun/Desktop/fpga/barami_project_2024/memory/workspace/top/export/top/hw/top.xsa'.
17:48:02 INFO  : 'configparams force-mem-access 1' command is executed.
17:48:02 INFO  : Context for 'APU' is selected.
17:48:02 INFO  : Sourcing of 'C:/Users/Jeyun/Desktop/fpga/barami_project_2024/memory/workspace/project/_ide/psinit/ps7_init.tcl' is done.
17:48:02 INFO  : 'ps7_init' command is executed.
17:48:02 INFO  : 'ps7_post_config' command is executed.
17:48:02 INFO  : Context for processor 'ps7_cortexa9_0' is selected.
17:48:02 INFO  : The application 'C:/Users/Jeyun/Desktop/fpga/barami_project_2024/memory/workspace/project/Debug/project.elf' is downloaded to processor 'ps7_cortexa9_0'.
17:48:02 INFO  : 'configparams force-mem-access 0' command is executed.
17:48:02 INFO  : ----------------XSDB Script----------------
connect -url tcp:127.0.0.1:3121
targets -set -nocase -filter {name =~"APU*"}
rst -system
after 3000
targets -set -filter {jtag_cable_name =~ "Digilent Zybo Z7 210351B485AFA" && level==0 && jtag_device_ctx=="jsn-Zybo Z7-210351B485AFA-13722093-0"}
fpga -file C:/Users/Jeyun/Desktop/fpga/barami_project_2024/memory/workspace/project/_ide/bitstream/top.bit
targets -set -nocase -filter {name =~"APU*"}
loadhw -hw C:/Users/Jeyun/Desktop/fpga/barami_project_2024/memory/workspace/top/export/top/hw/top.xsa -mem-ranges [list {0x40000000 0xbfffffff}] -regs
configparams force-mem-access 1
targets -set -nocase -filter {name =~"APU*"}
source C:/Users/Jeyun/Desktop/fpga/barami_project_2024/memory/workspace/project/_ide/psinit/ps7_init.tcl
ps7_init
ps7_post_config
targets -set -nocase -filter {name =~ "*A9*#0"}
dow C:/Users/Jeyun/Desktop/fpga/barami_project_2024/memory/workspace/project/Debug/project.elf
configparams force-mem-access 0
----------------End of Script----------------

17:48:02 INFO  : Context for processor 'ps7_cortexa9_0' is selected.
17:48:02 INFO  : 'con' command is executed.
17:48:02 INFO  : ----------------XSDB Script (After Launch)----------------
targets -set -nocase -filter {name =~ "*A9*#0"}
con
----------------End of Script----------------

17:48:02 INFO  : Launch script is exported to file 'C:\Users\Jeyun\Desktop\fpga\barami_project_2024\memory\workspace\project_system\_ide\scripts\debugger_project-default.tcl'
17:50:52 INFO  : Disconnected from the channel tcfchan#3.
17:50:53 INFO  : Connected to target on host '127.0.0.1' and port '3121'.
17:50:53 INFO  : Jtag cable 'Digilent Zybo Z7 210351B485AFA' is selected.
17:50:53 INFO  : 'jtag frequency' command is executed.
17:50:55 INFO  : Context for 'APU' is selected.
17:50:55 INFO  : System reset is completed.
17:50:58 INFO  : 'after 3000' command is executed.
17:50:58 INFO  : 'targets -set -filter {jtag_cable_name =~ "Digilent Zybo Z7 210351B485AFA" && level==0 && jtag_device_ctx=="jsn-Zybo Z7-210351B485AFA-13722093-0"}' command is executed.
17:51:00 INFO  : Device configured successfully with "C:/Users/Jeyun/Desktop/fpga/barami_project_2024/memory/workspace/project/_ide/bitstream/top.bit"
17:51:00 INFO  : Context for 'APU' is selected.
17:51:00 INFO  : Hardware design and registers information is loaded from 'C:/Users/Jeyun/Desktop/fpga/barami_project_2024/memory/workspace/top/export/top/hw/top.xsa'.
17:51:00 INFO  : 'configparams force-mem-access 1' command is executed.
17:51:00 INFO  : Context for 'APU' is selected.
17:51:00 INFO  : Sourcing of 'C:/Users/Jeyun/Desktop/fpga/barami_project_2024/memory/workspace/project/_ide/psinit/ps7_init.tcl' is done.
17:51:00 INFO  : 'ps7_init' command is executed.
17:51:00 INFO  : 'ps7_post_config' command is executed.
17:51:00 INFO  : Context for processor 'ps7_cortexa9_0' is selected.
17:51:00 INFO  : The application 'C:/Users/Jeyun/Desktop/fpga/barami_project_2024/memory/workspace/project/Debug/project.elf' is downloaded to processor 'ps7_cortexa9_0'.
17:51:00 INFO  : 'configparams force-mem-access 0' command is executed.
17:51:00 INFO  : ----------------XSDB Script----------------
connect -url tcp:127.0.0.1:3121
targets -set -nocase -filter {name =~"APU*"}
rst -system
after 3000
targets -set -filter {jtag_cable_name =~ "Digilent Zybo Z7 210351B485AFA" && level==0 && jtag_device_ctx=="jsn-Zybo Z7-210351B485AFA-13722093-0"}
fpga -file C:/Users/Jeyun/Desktop/fpga/barami_project_2024/memory/workspace/project/_ide/bitstream/top.bit
targets -set -nocase -filter {name =~"APU*"}
loadhw -hw C:/Users/Jeyun/Desktop/fpga/barami_project_2024/memory/workspace/top/export/top/hw/top.xsa -mem-ranges [list {0x40000000 0xbfffffff}] -regs
configparams force-mem-access 1
targets -set -nocase -filter {name =~"APU*"}
source C:/Users/Jeyun/Desktop/fpga/barami_project_2024/memory/workspace/project/_ide/psinit/ps7_init.tcl
ps7_init
ps7_post_config
targets -set -nocase -filter {name =~ "*A9*#0"}
dow C:/Users/Jeyun/Desktop/fpga/barami_project_2024/memory/workspace/project/Debug/project.elf
configparams force-mem-access 0
----------------End of Script----------------

17:51:00 INFO  : Context for processor 'ps7_cortexa9_0' is selected.
17:51:00 INFO  : 'con' command is executed.
17:51:00 INFO  : ----------------XSDB Script (After Launch)----------------
targets -set -nocase -filter {name =~ "*A9*#0"}
con
----------------End of Script----------------

17:51:00 INFO  : Launch script is exported to file 'C:\Users\Jeyun\Desktop\fpga\barami_project_2024\memory\workspace\project_system\_ide\scripts\debugger_project-default.tcl'
17:51:36 INFO  : Disconnected from the channel tcfchan#4.
17:51:37 INFO  : Connected to target on host '127.0.0.1' and port '3121'.
17:51:37 INFO  : Jtag cable 'Digilent Zybo Z7 210351B485AFA' is selected.
17:51:37 ERROR : port closed
17:51:37 INFO  : ----------------XSDB Script----------------
connect -url tcp:127.0.0.1:3121
----------------End of Script----------------

17:51:37 ERROR : port closed
17:52:46 INFO  : Connected to target on host '127.0.0.1' and port '3121'.
17:52:46 INFO  : Jtag cable 'Digilent Zybo Z7 210351B485AFA' is selected.
17:52:46 INFO  : 'jtag frequency' command is executed.
17:52:46 INFO  : Context for 'APU' is selected.
17:52:46 INFO  : System reset is completed.
17:52:49 INFO  : 'after 3000' command is executed.
17:52:49 INFO  : 'targets -set -filter {jtag_cable_name =~ "Digilent Zybo Z7 210351B485AFA" && level==0 && jtag_device_ctx=="jsn-Zybo Z7-210351B485AFA-13722093-0"}' command is executed.
17:52:50 INFO  : Device configured successfully with "C:/Users/Jeyun/Desktop/fpga/barami_project_2024/memory/workspace/project/_ide/bitstream/top.bit"
17:52:50 INFO  : Context for 'APU' is selected.
17:52:50 INFO  : Hardware design and registers information is loaded from 'C:/Users/Jeyun/Desktop/fpga/barami_project_2024/memory/workspace/top/export/top/hw/top.xsa'.
17:52:50 INFO  : 'configparams force-mem-access 1' command is executed.
17:52:50 INFO  : Context for 'APU' is selected.
17:52:50 INFO  : Sourcing of 'C:/Users/Jeyun/Desktop/fpga/barami_project_2024/memory/workspace/project/_ide/psinit/ps7_init.tcl' is done.
17:52:50 INFO  : 'ps7_init' command is executed.
17:52:50 INFO  : 'ps7_post_config' command is executed.
17:52:50 INFO  : Context for processor 'ps7_cortexa9_0' is selected.
17:52:51 INFO  : The application 'C:/Users/Jeyun/Desktop/fpga/barami_project_2024/memory/workspace/project/Debug/project.elf' is downloaded to processor 'ps7_cortexa9_0'.
17:52:51 INFO  : 'configparams force-mem-access 0' command is executed.
17:52:51 INFO  : ----------------XSDB Script----------------
connect -url tcp:127.0.0.1:3121
targets -set -nocase -filter {name =~"APU*"}
rst -system
after 3000
targets -set -filter {jtag_cable_name =~ "Digilent Zybo Z7 210351B485AFA" && level==0 && jtag_device_ctx=="jsn-Zybo Z7-210351B485AFA-13722093-0"}
fpga -file C:/Users/Jeyun/Desktop/fpga/barami_project_2024/memory/workspace/project/_ide/bitstream/top.bit
targets -set -nocase -filter {name =~"APU*"}
loadhw -hw C:/Users/Jeyun/Desktop/fpga/barami_project_2024/memory/workspace/top/export/top/hw/top.xsa -mem-ranges [list {0x40000000 0xbfffffff}] -regs
configparams force-mem-access 1
targets -set -nocase -filter {name =~"APU*"}
source C:/Users/Jeyun/Desktop/fpga/barami_project_2024/memory/workspace/project/_ide/psinit/ps7_init.tcl
ps7_init
ps7_post_config
targets -set -nocase -filter {name =~ "*A9*#0"}
dow C:/Users/Jeyun/Desktop/fpga/barami_project_2024/memory/workspace/project/Debug/project.elf
configparams force-mem-access 0
----------------End of Script----------------

17:52:51 INFO  : Context for processor 'ps7_cortexa9_0' is selected.
17:52:51 INFO  : 'con' command is executed.
17:52:51 INFO  : ----------------XSDB Script (After Launch)----------------
targets -set -nocase -filter {name =~ "*A9*#0"}
con
----------------End of Script----------------

17:52:51 INFO  : Launch script is exported to file 'C:\Users\Jeyun\Desktop\fpga\barami_project_2024\memory\workspace\project_system\_ide\scripts\debugger_project-default.tcl'
17:53:19 INFO  : Disconnected from the channel tcfchan#5.
17:53:20 INFO  : Connected to target on host '127.0.0.1' and port '3121'.
17:53:21 INFO  : Jtag cable 'Digilent Zybo Z7 210351B485AFA' is selected.
17:53:21 ERROR : port closed
17:53:21 INFO  : ----------------XSDB Script----------------
connect -url tcp:127.0.0.1:3121
----------------End of Script----------------

17:53:21 ERROR : port closed
17:53:33 INFO  : Connected to target on host '127.0.0.1' and port '3121'.
17:53:33 INFO  : Jtag cable 'Digilent Zybo Z7 210351B485AFA' is selected.
17:53:33 INFO  : 'jtag frequency' command is executed.
17:53:33 INFO  : Context for 'APU' is selected.
17:53:33 INFO  : System reset is completed.
17:53:36 INFO  : 'after 3000' command is executed.
17:53:36 INFO  : 'targets -set -filter {jtag_cable_name =~ "Digilent Zybo Z7 210351B485AFA" && level==0 && jtag_device_ctx=="jsn-Zybo Z7-210351B485AFA-13722093-0"}' command is executed.
17:53:37 INFO  : Device configured successfully with "C:/Users/Jeyun/Desktop/fpga/barami_project_2024/memory/workspace/project/_ide/bitstream/top.bit"
17:53:38 INFO  : Context for 'APU' is selected.
17:53:38 INFO  : Hardware design and registers information is loaded from 'C:/Users/Jeyun/Desktop/fpga/barami_project_2024/memory/workspace/top/export/top/hw/top.xsa'.
17:53:38 INFO  : 'configparams force-mem-access 1' command is executed.
17:53:38 INFO  : Context for 'APU' is selected.
17:53:38 INFO  : Sourcing of 'C:/Users/Jeyun/Desktop/fpga/barami_project_2024/memory/workspace/project/_ide/psinit/ps7_init.tcl' is done.
17:53:38 INFO  : 'ps7_init' command is executed.
17:53:38 INFO  : 'ps7_post_config' command is executed.
17:53:38 INFO  : Context for processor 'ps7_cortexa9_0' is selected.
17:53:38 INFO  : The application 'C:/Users/Jeyun/Desktop/fpga/barami_project_2024/memory/workspace/project/Debug/project.elf' is downloaded to processor 'ps7_cortexa9_0'.
17:53:38 INFO  : 'configparams force-mem-access 0' command is executed.
17:53:38 INFO  : ----------------XSDB Script----------------
connect -url tcp:127.0.0.1:3121
targets -set -nocase -filter {name =~"APU*"}
rst -system
after 3000
targets -set -filter {jtag_cable_name =~ "Digilent Zybo Z7 210351B485AFA" && level==0 && jtag_device_ctx=="jsn-Zybo Z7-210351B485AFA-13722093-0"}
fpga -file C:/Users/Jeyun/Desktop/fpga/barami_project_2024/memory/workspace/project/_ide/bitstream/top.bit
targets -set -nocase -filter {name =~"APU*"}
loadhw -hw C:/Users/Jeyun/Desktop/fpga/barami_project_2024/memory/workspace/top/export/top/hw/top.xsa -mem-ranges [list {0x40000000 0xbfffffff}] -regs
configparams force-mem-access 1
targets -set -nocase -filter {name =~"APU*"}
source C:/Users/Jeyun/Desktop/fpga/barami_project_2024/memory/workspace/project/_ide/psinit/ps7_init.tcl
ps7_init
ps7_post_config
targets -set -nocase -filter {name =~ "*A9*#0"}
dow C:/Users/Jeyun/Desktop/fpga/barami_project_2024/memory/workspace/project/Debug/project.elf
configparams force-mem-access 0
----------------End of Script----------------

17:53:38 INFO  : Context for processor 'ps7_cortexa9_0' is selected.
17:53:38 INFO  : 'con' command is executed.
17:53:38 INFO  : ----------------XSDB Script (After Launch)----------------
targets -set -nocase -filter {name =~ "*A9*#0"}
con
----------------End of Script----------------

17:53:38 INFO  : Launch script is exported to file 'C:\Users\Jeyun\Desktop\fpga\barami_project_2024\memory\workspace\project_system\_ide\scripts\debugger_project-default.tcl'
18:11:46 INFO  : Disconnected from the channel tcfchan#6.
18:12:16 DEBUG : Logs will be stored at 'C:/Users/Jeyun/Desktop/fpga/barami_project_2024/memory/workspace/IDE.log'.
18:12:16 INFO  : Launching XSCT server: xsct.bat -n  -interactive C:\Users\Jeyun\Desktop\fpga\barami_project_2024\memory\workspace\temp_xsdb_launch_script.tcl
18:12:19 INFO  : XSCT server has started successfully.
18:12:20 INFO  : plnx-install-location is set to ''
18:12:20 INFO  : Successfully done setting XSCT server connection channel  
18:12:20 INFO  : Successfully done setting workspace for the tool. 
18:12:20 INFO  : Registering command handlers for Vitis TCF services
18:12:20 INFO  : Successfully done query RDI_DATADIR 
18:12:21 INFO  : Platform repository initialization has completed.
18:24:27 INFO  : Connected to target on host '127.0.0.1' and port '3121'.
18:24:28 INFO  : Jtag cable 'Digilent Zybo Z7 210351B485AFA' is selected.
18:24:28 INFO  : 'jtag frequency' command is executed.
18:24:28 INFO  : Context for 'APU' is selected.
18:24:28 INFO  : System reset is completed.
18:24:31 INFO  : 'after 3000' command is executed.
18:24:31 INFO  : 'targets -set -filter {jtag_cable_name =~ "Digilent Zybo Z7 210351B485AFA" && level==0 && jtag_device_ctx=="jsn-Zybo Z7-210351B485AFA-13722093-0"}' command is executed.
18:24:32 INFO  : Device configured successfully with "C:/Users/Jeyun/Desktop/fpga/barami_project_2024/memory/workspace/project/_ide/bitstream/top.bit"
18:24:32 INFO  : Context for 'APU' is selected.
18:24:32 INFO  : Hardware design and registers information is loaded from 'C:/Users/Jeyun/Desktop/fpga/barami_project_2024/memory/workspace/top/export/top/hw/top.xsa'.
18:24:32 INFO  : 'configparams force-mem-access 1' command is executed.
18:24:32 INFO  : Context for 'APU' is selected.
18:24:32 INFO  : Sourcing of 'C:/Users/Jeyun/Desktop/fpga/barami_project_2024/memory/workspace/project/_ide/psinit/ps7_init.tcl' is done.
18:24:33 INFO  : 'ps7_init' command is executed.
18:24:33 INFO  : 'ps7_post_config' command is executed.
18:24:33 INFO  : Context for processor 'ps7_cortexa9_0' is selected.
18:24:33 INFO  : The application 'C:/Users/Jeyun/Desktop/fpga/barami_project_2024/memory/workspace/project/Debug/project.elf' is downloaded to processor 'ps7_cortexa9_0'.
18:24:33 INFO  : 'configparams force-mem-access 0' command is executed.
18:24:33 INFO  : ----------------XSDB Script----------------
connect -url tcp:127.0.0.1:3121
targets -set -nocase -filter {name =~"APU*"}
rst -system
after 3000
targets -set -filter {jtag_cable_name =~ "Digilent Zybo Z7 210351B485AFA" && level==0 && jtag_device_ctx=="jsn-Zybo Z7-210351B485AFA-13722093-0"}
fpga -file C:/Users/Jeyun/Desktop/fpga/barami_project_2024/memory/workspace/project/_ide/bitstream/top.bit
targets -set -nocase -filter {name =~"APU*"}
loadhw -hw C:/Users/Jeyun/Desktop/fpga/barami_project_2024/memory/workspace/top/export/top/hw/top.xsa -mem-ranges [list {0x40000000 0xbfffffff}] -regs
configparams force-mem-access 1
targets -set -nocase -filter {name =~"APU*"}
source C:/Users/Jeyun/Desktop/fpga/barami_project_2024/memory/workspace/project/_ide/psinit/ps7_init.tcl
ps7_init
ps7_post_config
targets -set -nocase -filter {name =~ "*A9*#0"}
dow C:/Users/Jeyun/Desktop/fpga/barami_project_2024/memory/workspace/project/Debug/project.elf
configparams force-mem-access 0
----------------End of Script----------------

18:24:33 INFO  : Context for processor 'ps7_cortexa9_0' is selected.
18:24:33 INFO  : 'con' command is executed.
18:24:33 INFO  : ----------------XSDB Script (After Launch)----------------
targets -set -nocase -filter {name =~ "*A9*#0"}
con
----------------End of Script----------------

18:24:33 INFO  : Launch script is exported to file 'C:\Users\Jeyun\Desktop\fpga\barami_project_2024\memory\workspace\project_system\_ide\scripts\debugger_project-default.tcl'
19:12:33 INFO  : Checking for BSP changes to sync application flags for project 'project'...
19:12:37 ERROR : (XSDB Server)ERROR: [Hsi 55-1571] The design file C:/Users/Jeyun/Desktop/fpga/barami_project_2024/memory/workspace/top/export/top/hw/top.xsa is already opened

19:15:39 INFO  : Disconnected from the channel tcfchan#1.
19:15:40 INFO  : Connected to target on host '127.0.0.1' and port '3121'.
19:15:58 INFO  : ----------------XSDB Script----------------
connect -url tcp:127.0.0.1:3121
----------------End of Script----------------

19:15:58 ERROR : Could not find ARM device on the board for connection 'Local'.
Check if the target is in:
1. Split JTAG - No operations are possible with ARM DAP.
2. Non JTAG bootmode - Bootrom may need time to enable DAP.
Please try again.


Troubleshooting hints:
1. Check whether board is connected to system properly.
2. In case of zynq board, check whether Digilent/Xilinx cable switch settings are correct.
3. If you are using Xilinx Platform Cable USB, ensure that status LED is green.
19:18:12 INFO  : Connected to target on host '127.0.0.1' and port '3121'.
19:18:30 INFO  : ----------------XSDB Script----------------
connect -url tcp:127.0.0.1:3121
----------------End of Script----------------

19:18:30 ERROR : Could not find ARM device on the board for connection 'Local'.
Check if the target is in:
1. Split JTAG - No operations are possible with ARM DAP.
2. Non JTAG bootmode - Bootrom may need time to enable DAP.
Please try again.


Troubleshooting hints:
1. Check whether board is connected to system properly.
2. In case of zynq board, check whether Digilent/Xilinx cable switch settings are correct.
3. If you are using Xilinx Platform Cable USB, ensure that status LED is green.
19:46:48 INFO  : Connected to target on host '127.0.0.1' and port '3121'.
19:47:06 INFO  : ----------------XSDB Script----------------
connect -url tcp:127.0.0.1:3121
----------------End of Script----------------

19:47:06 ERROR : Could not find ARM device on the board for connection 'Local'.
Check if the target is in:
1. Split JTAG - No operations are possible with ARM DAP.
2. Non JTAG bootmode - Bootrom may need time to enable DAP.
Please try again.


Troubleshooting hints:
1. Check whether board is connected to system properly.
2. In case of zynq board, check whether Digilent/Xilinx cable switch settings are correct.
3. If you are using Xilinx Platform Cable USB, ensure that status LED is green.
19:52:53 INFO  : Connected to target on host '127.0.0.1' and port '3121'.
20:00:12 INFO  : Connected to target on host '127.0.0.1' and port '3121'.
20:00:12 INFO  : Jtag cable 'Digilent Zybo Z7 210351B485AFA' is selected.
20:00:12 INFO  : 'jtag frequency' command is executed.
20:00:12 INFO  : Context for 'APU' is selected.
20:00:12 INFO  : System reset is completed.
20:00:15 INFO  : 'after 3000' command is executed.
20:00:15 INFO  : 'targets -set -filter {jtag_cable_name =~ "Digilent Zybo Z7 210351B485AFA" && level==0 && jtag_device_ctx=="jsn-Zybo Z7-210351B485AFA-13722093-0"}' command is executed.
20:00:16 INFO  : Device configured successfully with "C:/Users/Jeyun/Desktop/fpga/barami_project_2024/memory/workspace/project/_ide/bitstream/top.bit"
20:00:17 INFO  : Context for 'APU' is selected.
20:00:18 INFO  : Hardware design and registers information is loaded from 'C:/Users/Jeyun/Desktop/fpga/barami_project_2024/memory/workspace/top/export/top/hw/top.xsa'.
20:00:18 INFO  : 'configparams force-mem-access 1' command is executed.
20:00:18 INFO  : Context for 'APU' is selected.
20:00:18 INFO  : Sourcing of 'C:/Users/Jeyun/Desktop/fpga/barami_project_2024/memory/workspace/project/_ide/psinit/ps7_init.tcl' is done.
20:00:18 INFO  : 'ps7_init' command is executed.
20:00:18 INFO  : 'ps7_post_config' command is executed.
20:00:18 INFO  : Context for processor 'ps7_cortexa9_0' is selected.
20:00:18 INFO  : The application 'C:/Users/Jeyun/Desktop/fpga/barami_project_2024/memory/workspace/project/Debug/project.elf' is downloaded to processor 'ps7_cortexa9_0'.
20:00:18 INFO  : 'configparams force-mem-access 0' command is executed.
20:00:18 INFO  : ----------------XSDB Script----------------
connect -url tcp:127.0.0.1:3121
targets -set -nocase -filter {name =~"APU*"}
rst -system
after 3000
targets -set -filter {jtag_cable_name =~ "Digilent Zybo Z7 210351B485AFA" && level==0 && jtag_device_ctx=="jsn-Zybo Z7-210351B485AFA-13722093-0"}
fpga -file C:/Users/Jeyun/Desktop/fpga/barami_project_2024/memory/workspace/project/_ide/bitstream/top.bit
targets -set -nocase -filter {name =~"APU*"}
loadhw -hw C:/Users/Jeyun/Desktop/fpga/barami_project_2024/memory/workspace/top/export/top/hw/top.xsa -mem-ranges [list {0x40000000 0xbfffffff}] -regs
configparams force-mem-access 1
targets -set -nocase -filter {name =~"APU*"}
source C:/Users/Jeyun/Desktop/fpga/barami_project_2024/memory/workspace/project/_ide/psinit/ps7_init.tcl
ps7_init
ps7_post_config
targets -set -nocase -filter {name =~ "*A9*#0"}
dow C:/Users/Jeyun/Desktop/fpga/barami_project_2024/memory/workspace/project/Debug/project.elf
configparams force-mem-access 0
----------------End of Script----------------

20:00:18 INFO  : Context for processor 'ps7_cortexa9_0' is selected.
20:00:18 INFO  : 'con' command is executed.
20:00:18 INFO  : ----------------XSDB Script (After Launch)----------------
targets -set -nocase -filter {name =~ "*A9*#0"}
con
----------------End of Script----------------

20:00:18 INFO  : Launch script is exported to file 'C:\Users\Jeyun\Desktop\fpga\barami_project_2024\memory\workspace\project_system\_ide\scripts\debugger_project-default.tcl'
20:00:42 ERROR : Emulation support is not available for Windows OS. 
20:00:50 ERROR : Emulation support is not available for Windows OS. 
20:01:08 INFO  : Disconnected from the channel tcfchan#3.
20:01:09 INFO  : Connected to target on host '127.0.0.1' and port '3121'.
20:01:10 INFO  : Jtag cable 'Digilent Zybo Z7 210351B485AFA' is selected.
20:01:10 INFO  : 'jtag frequency' command is executed.
20:01:10 INFO  : Context for 'APU' is selected.
20:01:10 INFO  : System reset is completed.
20:01:13 INFO  : 'after 3000' command is executed.
20:01:13 INFO  : 'targets -set -filter {jtag_cable_name =~ "Digilent Zybo Z7 210351B485AFA" && level==0 && jtag_device_ctx=="jsn-Zybo Z7-210351B485AFA-13722093-0"}' command is executed.
20:01:14 INFO  : Device configured successfully with "C:/Users/Jeyun/Desktop/fpga/barami_project_2024/memory/workspace/project/_ide/bitstream/top.bit"
20:01:14 INFO  : Context for 'APU' is selected.
20:01:15 INFO  : Hardware design and registers information is loaded from 'C:/Users/Jeyun/Desktop/fpga/barami_project_2024/memory/workspace/top/export/top/hw/top.xsa'.
20:01:15 INFO  : 'configparams force-mem-access 1' command is executed.
20:01:15 INFO  : Context for 'APU' is selected.
20:01:15 INFO  : Sourcing of 'C:/Users/Jeyun/Desktop/fpga/barami_project_2024/memory/workspace/project/_ide/psinit/ps7_init.tcl' is done.
20:01:15 INFO  : 'ps7_init' command is executed.
20:01:15 INFO  : 'ps7_post_config' command is executed.
20:01:15 INFO  : Context for processor 'ps7_cortexa9_0' is selected.
20:01:16 INFO  : The application 'C:/Users/Jeyun/Desktop/fpga/barami_project_2024/memory/workspace/project/Debug/project.elf' is downloaded to processor 'ps7_cortexa9_0'.
20:01:16 INFO  : 'configparams force-mem-access 0' command is executed.
20:01:16 INFO  : ----------------XSDB Script----------------
connect -url tcp:127.0.0.1:3121
targets -set -nocase -filter {name =~"APU*"}
rst -system
after 3000
targets -set -filter {jtag_cable_name =~ "Digilent Zybo Z7 210351B485AFA" && level==0 && jtag_device_ctx=="jsn-Zybo Z7-210351B485AFA-13722093-0"}
fpga -file C:/Users/Jeyun/Desktop/fpga/barami_project_2024/memory/workspace/project/_ide/bitstream/top.bit
targets -set -nocase -filter {name =~"APU*"}
loadhw -hw C:/Users/Jeyun/Desktop/fpga/barami_project_2024/memory/workspace/top/export/top/hw/top.xsa -mem-ranges [list {0x40000000 0xbfffffff}] -regs
configparams force-mem-access 1
targets -set -nocase -filter {name =~"APU*"}
source C:/Users/Jeyun/Desktop/fpga/barami_project_2024/memory/workspace/project/_ide/psinit/ps7_init.tcl
ps7_init
ps7_post_config
targets -set -nocase -filter {name =~ "*A9*#0"}
dow C:/Users/Jeyun/Desktop/fpga/barami_project_2024/memory/workspace/project/Debug/project.elf
configparams force-mem-access 0
----------------End of Script----------------

20:01:16 INFO  : Context for processor 'ps7_cortexa9_0' is selected.
20:01:16 INFO  : 'con' command is executed.
20:01:16 INFO  : ----------------XSDB Script (After Launch)----------------
targets -set -nocase -filter {name =~ "*A9*#0"}
con
----------------End of Script----------------

20:01:16 INFO  : Launch script is exported to file 'C:\Users\Jeyun\Desktop\fpga\barami_project_2024\memory\workspace\project_system\_ide\scripts\debugger_project-default.tcl'
20:01:40 INFO  : Disconnected from the channel tcfchan#4.
20:01:41 INFO  : Connected to target on host '127.0.0.1' and port '3121'.
20:01:41 INFO  : Jtag cable 'Digilent Zybo Z7 210351B485AFA' is selected.
20:01:41 INFO  : 'jtag frequency' command is executed.
20:01:41 INFO  : Context for 'APU' is selected.
20:01:41 INFO  : System reset is completed.
20:01:44 INFO  : 'after 3000' command is executed.
20:01:44 INFO  : 'targets -set -filter {jtag_cable_name =~ "Digilent Zybo Z7 210351B485AFA" && level==0 && jtag_device_ctx=="jsn-Zybo Z7-210351B485AFA-13722093-0"}' command is executed.
20:01:45 INFO  : Device configured successfully with "C:/Users/Jeyun/Desktop/fpga/barami_project_2024/memory/workspace/project/_ide/bitstream/top.bit"
20:01:45 INFO  : Context for 'APU' is selected.
20:01:46 INFO  : Hardware design and registers information is loaded from 'C:/Users/Jeyun/Desktop/fpga/barami_project_2024/memory/workspace/top/export/top/hw/top.xsa'.
20:01:46 INFO  : 'configparams force-mem-access 1' command is executed.
20:01:46 INFO  : Context for 'APU' is selected.
20:01:46 INFO  : Sourcing of 'C:/Users/Jeyun/Desktop/fpga/barami_project_2024/memory/workspace/project/_ide/psinit/ps7_init.tcl' is done.
20:01:47 INFO  : 'ps7_init' command is executed.
20:01:47 INFO  : 'ps7_post_config' command is executed.
20:01:47 INFO  : Context for processor 'ps7_cortexa9_0' is selected.
20:01:47 INFO  : The application 'C:/Users/Jeyun/Desktop/fpga/barami_project_2024/memory/workspace/project/Debug/project.elf' is downloaded to processor 'ps7_cortexa9_0'.
20:01:47 INFO  : 'configparams force-mem-access 0' command is executed.
20:01:47 INFO  : ----------------XSDB Script----------------
connect -url tcp:127.0.0.1:3121
targets -set -nocase -filter {name =~"APU*"}
rst -system
after 3000
targets -set -filter {jtag_cable_name =~ "Digilent Zybo Z7 210351B485AFA" && level==0 && jtag_device_ctx=="jsn-Zybo Z7-210351B485AFA-13722093-0"}
fpga -file C:/Users/Jeyun/Desktop/fpga/barami_project_2024/memory/workspace/project/_ide/bitstream/top.bit
targets -set -nocase -filter {name =~"APU*"}
loadhw -hw C:/Users/Jeyun/Desktop/fpga/barami_project_2024/memory/workspace/top/export/top/hw/top.xsa -mem-ranges [list {0x40000000 0xbfffffff}] -regs
configparams force-mem-access 1
targets -set -nocase -filter {name =~"APU*"}
source C:/Users/Jeyun/Desktop/fpga/barami_project_2024/memory/workspace/project/_ide/psinit/ps7_init.tcl
ps7_init
ps7_post_config
targets -set -nocase -filter {name =~ "*A9*#0"}
dow C:/Users/Jeyun/Desktop/fpga/barami_project_2024/memory/workspace/project/Debug/project.elf
configparams force-mem-access 0
----------------End of Script----------------

20:01:47 INFO  : Context for processor 'ps7_cortexa9_0' is selected.
20:01:47 INFO  : 'con' command is executed.
20:01:47 INFO  : ----------------XSDB Script (After Launch)----------------
targets -set -nocase -filter {name =~ "*A9*#0"}
con
----------------End of Script----------------

20:01:47 INFO  : Launch script is exported to file 'C:\Users\Jeyun\Desktop\fpga\barami_project_2024\memory\workspace\project_system\_ide\scripts\debugger_project-default.tcl'
20:11:15 INFO  : Disconnected from the channel tcfchan#5.
20:11:16 INFO  : Connected to target on host '127.0.0.1' and port '3121'.
20:11:16 INFO  : Jtag cable 'Digilent Zybo Z7 210351B485AFA' is selected.
20:11:16 INFO  : 'jtag frequency' command is executed.
20:11:16 INFO  : Context for 'APU' is selected.
20:11:16 INFO  : System reset is completed.
20:11:19 INFO  : 'after 3000' command is executed.
20:11:19 INFO  : 'targets -set -filter {jtag_cable_name =~ "Digilent Zybo Z7 210351B485AFA" && level==0 && jtag_device_ctx=="jsn-Zybo Z7-210351B485AFA-13722093-0"}' command is executed.
20:11:21 INFO  : Device configured successfully with "C:/Users/Jeyun/Desktop/fpga/barami_project_2024/memory/workspace/project/_ide/bitstream/top.bit"
20:11:21 INFO  : Context for 'APU' is selected.
20:11:22 INFO  : Hardware design and registers information is loaded from 'C:/Users/Jeyun/Desktop/fpga/barami_project_2024/memory/workspace/top/export/top/hw/top.xsa'.
20:11:22 INFO  : 'configparams force-mem-access 1' command is executed.
20:11:22 INFO  : Context for 'APU' is selected.
20:11:22 INFO  : Sourcing of 'C:/Users/Jeyun/Desktop/fpga/barami_project_2024/memory/workspace/project/_ide/psinit/ps7_init.tcl' is done.
20:11:22 INFO  : 'ps7_init' command is executed.
20:11:22 INFO  : 'ps7_post_config' command is executed.
20:11:22 INFO  : Context for processor 'ps7_cortexa9_0' is selected.
20:11:22 INFO  : The application 'C:/Users/Jeyun/Desktop/fpga/barami_project_2024/memory/workspace/project/Debug/project.elf' is downloaded to processor 'ps7_cortexa9_0'.
20:11:22 INFO  : 'configparams force-mem-access 0' command is executed.
20:11:22 INFO  : ----------------XSDB Script----------------
connect -url tcp:127.0.0.1:3121
targets -set -nocase -filter {name =~"APU*"}
rst -system
after 3000
targets -set -filter {jtag_cable_name =~ "Digilent Zybo Z7 210351B485AFA" && level==0 && jtag_device_ctx=="jsn-Zybo Z7-210351B485AFA-13722093-0"}
fpga -file C:/Users/Jeyun/Desktop/fpga/barami_project_2024/memory/workspace/project/_ide/bitstream/top.bit
targets -set -nocase -filter {name =~"APU*"}
loadhw -hw C:/Users/Jeyun/Desktop/fpga/barami_project_2024/memory/workspace/top/export/top/hw/top.xsa -mem-ranges [list {0x40000000 0xbfffffff}] -regs
configparams force-mem-access 1
targets -set -nocase -filter {name =~"APU*"}
source C:/Users/Jeyun/Desktop/fpga/barami_project_2024/memory/workspace/project/_ide/psinit/ps7_init.tcl
ps7_init
ps7_post_config
targets -set -nocase -filter {name =~ "*A9*#0"}
dow C:/Users/Jeyun/Desktop/fpga/barami_project_2024/memory/workspace/project/Debug/project.elf
configparams force-mem-access 0
----------------End of Script----------------

20:11:22 INFO  : Context for processor 'ps7_cortexa9_0' is selected.
20:11:22 INFO  : 'con' command is executed.
20:11:22 INFO  : ----------------XSDB Script (After Launch)----------------
targets -set -nocase -filter {name =~ "*A9*#0"}
con
----------------End of Script----------------

20:11:22 INFO  : Launch script is exported to file 'C:\Users\Jeyun\Desktop\fpga\barami_project_2024\memory\workspace\project_system\_ide\scripts\debugger_project-default.tcl'
20:11:55 INFO  : Disconnected from the channel tcfchan#6.
20:11:56 INFO  : Connected to target on host '127.0.0.1' and port '3121'.
20:11:56 INFO  : Jtag cable 'Digilent Zybo Z7 210351B485AFA' is selected.
20:11:56 INFO  : 'jtag frequency' command is executed.
20:11:56 INFO  : Context for 'APU' is selected.
20:11:56 INFO  : System reset is completed.
20:11:59 INFO  : 'after 3000' command is executed.
20:11:59 INFO  : 'targets -set -filter {jtag_cable_name =~ "Digilent Zybo Z7 210351B485AFA" && level==0 && jtag_device_ctx=="jsn-Zybo Z7-210351B485AFA-13722093-0"}' command is executed.
20:12:00 INFO  : Device configured successfully with "C:/Users/Jeyun/Desktop/fpga/barami_project_2024/memory/workspace/project/_ide/bitstream/top.bit"
20:12:00 INFO  : Context for 'APU' is selected.
20:12:01 INFO  : Hardware design and registers information is loaded from 'C:/Users/Jeyun/Desktop/fpga/barami_project_2024/memory/workspace/top/export/top/hw/top.xsa'.
20:12:01 INFO  : 'configparams force-mem-access 1' command is executed.
20:12:01 INFO  : Context for 'APU' is selected.
20:12:01 INFO  : Sourcing of 'C:/Users/Jeyun/Desktop/fpga/barami_project_2024/memory/workspace/project/_ide/psinit/ps7_init.tcl' is done.
20:12:01 INFO  : 'ps7_init' command is executed.
20:12:01 INFO  : 'ps7_post_config' command is executed.
20:12:01 INFO  : Context for processor 'ps7_cortexa9_0' is selected.
20:12:02 INFO  : The application 'C:/Users/Jeyun/Desktop/fpga/barami_project_2024/memory/workspace/project/Debug/project.elf' is downloaded to processor 'ps7_cortexa9_0'.
20:12:02 INFO  : 'configparams force-mem-access 0' command is executed.
20:12:02 INFO  : ----------------XSDB Script----------------
connect -url tcp:127.0.0.1:3121
targets -set -nocase -filter {name =~"APU*"}
rst -system
after 3000
targets -set -filter {jtag_cable_name =~ "Digilent Zybo Z7 210351B485AFA" && level==0 && jtag_device_ctx=="jsn-Zybo Z7-210351B485AFA-13722093-0"}
fpga -file C:/Users/Jeyun/Desktop/fpga/barami_project_2024/memory/workspace/project/_ide/bitstream/top.bit
targets -set -nocase -filter {name =~"APU*"}
loadhw -hw C:/Users/Jeyun/Desktop/fpga/barami_project_2024/memory/workspace/top/export/top/hw/top.xsa -mem-ranges [list {0x40000000 0xbfffffff}] -regs
configparams force-mem-access 1
targets -set -nocase -filter {name =~"APU*"}
source C:/Users/Jeyun/Desktop/fpga/barami_project_2024/memory/workspace/project/_ide/psinit/ps7_init.tcl
ps7_init
ps7_post_config
targets -set -nocase -filter {name =~ "*A9*#0"}
dow C:/Users/Jeyun/Desktop/fpga/barami_project_2024/memory/workspace/project/Debug/project.elf
configparams force-mem-access 0
----------------End of Script----------------

20:12:02 INFO  : Context for processor 'ps7_cortexa9_0' is selected.
20:12:02 INFO  : 'con' command is executed.
20:12:02 INFO  : ----------------XSDB Script (After Launch)----------------
targets -set -nocase -filter {name =~ "*A9*#0"}
con
----------------End of Script----------------

20:12:02 INFO  : Launch script is exported to file 'C:\Users\Jeyun\Desktop\fpga\barami_project_2024\memory\workspace\project_system\_ide\scripts\debugger_project-default.tcl'
20:33:57 INFO  : Disconnected from the channel tcfchan#7.
20:33:58 INFO  : Connected to target on host '127.0.0.1' and port '3121'.
20:33:58 INFO  : Jtag cable 'Digilent Zybo Z7 210351B485AFA' is selected.
20:33:58 INFO  : 'jtag frequency' command is executed.
20:33:58 INFO  : Context for 'APU' is selected.
20:33:58 INFO  : System reset is completed.
20:34:01 INFO  : 'after 3000' command is executed.
20:34:01 INFO  : 'targets -set -filter {jtag_cable_name =~ "Digilent Zybo Z7 210351B485AFA" && level==0 && jtag_device_ctx=="jsn-Zybo Z7-210351B485AFA-13722093-0"}' command is executed.
20:34:02 INFO  : Device configured successfully with "C:/Users/Jeyun/Desktop/fpga/barami_project_2024/memory/workspace/project/_ide/bitstream/top.bit"
20:34:02 INFO  : Context for 'APU' is selected.
20:34:04 INFO  : Hardware design and registers information is loaded from 'C:/Users/Jeyun/Desktop/fpga/barami_project_2024/memory/workspace/top/export/top/hw/top.xsa'.
20:34:04 INFO  : 'configparams force-mem-access 1' command is executed.
20:34:04 INFO  : Context for 'APU' is selected.
20:34:04 INFO  : Sourcing of 'C:/Users/Jeyun/Desktop/fpga/barami_project_2024/memory/workspace/project/_ide/psinit/ps7_init.tcl' is done.
20:34:04 INFO  : 'ps7_init' command is executed.
20:34:04 INFO  : 'ps7_post_config' command is executed.
20:34:04 INFO  : Context for processor 'ps7_cortexa9_0' is selected.
20:34:04 INFO  : The application 'C:/Users/Jeyun/Desktop/fpga/barami_project_2024/memory/workspace/project/Debug/project.elf' is downloaded to processor 'ps7_cortexa9_0'.
20:34:04 INFO  : 'configparams force-mem-access 0' command is executed.
20:34:04 INFO  : ----------------XSDB Script----------------
connect -url tcp:127.0.0.1:3121
targets -set -nocase -filter {name =~"APU*"}
rst -system
after 3000
targets -set -filter {jtag_cable_name =~ "Digilent Zybo Z7 210351B485AFA" && level==0 && jtag_device_ctx=="jsn-Zybo Z7-210351B485AFA-13722093-0"}
fpga -file C:/Users/Jeyun/Desktop/fpga/barami_project_2024/memory/workspace/project/_ide/bitstream/top.bit
targets -set -nocase -filter {name =~"APU*"}
loadhw -hw C:/Users/Jeyun/Desktop/fpga/barami_project_2024/memory/workspace/top/export/top/hw/top.xsa -mem-ranges [list {0x40000000 0xbfffffff}] -regs
configparams force-mem-access 1
targets -set -nocase -filter {name =~"APU*"}
source C:/Users/Jeyun/Desktop/fpga/barami_project_2024/memory/workspace/project/_ide/psinit/ps7_init.tcl
ps7_init
ps7_post_config
targets -set -nocase -filter {name =~ "*A9*#0"}
dow C:/Users/Jeyun/Desktop/fpga/barami_project_2024/memory/workspace/project/Debug/project.elf
configparams force-mem-access 0
----------------End of Script----------------

20:34:04 INFO  : Context for processor 'ps7_cortexa9_0' is selected.
20:34:04 INFO  : 'con' command is executed.
20:34:04 INFO  : ----------------XSDB Script (After Launch)----------------
targets -set -nocase -filter {name =~ "*A9*#0"}
con
----------------End of Script----------------

20:34:04 INFO  : Launch script is exported to file 'C:\Users\Jeyun\Desktop\fpga\barami_project_2024\memory\workspace\project_system\_ide\scripts\debugger_project-default.tcl'
20:36:29 INFO  : Disconnected from the channel tcfchan#8.
20:36:30 INFO  : Connected to target on host '127.0.0.1' and port '3121'.
20:36:30 INFO  : Jtag cable 'Digilent Zybo Z7 210351B485AFA' is selected.
20:36:30 INFO  : 'jtag frequency' command is executed.
20:36:30 INFO  : Context for 'APU' is selected.
20:36:30 INFO  : System reset is completed.
20:36:33 INFO  : 'after 3000' command is executed.
20:36:33 INFO  : 'targets -set -filter {jtag_cable_name =~ "Digilent Zybo Z7 210351B485AFA" && level==0 && jtag_device_ctx=="jsn-Zybo Z7-210351B485AFA-13722093-0"}' command is executed.
20:36:34 INFO  : Device configured successfully with "C:/Users/Jeyun/Desktop/fpga/barami_project_2024/memory/workspace/project/_ide/bitstream/top.bit"
20:36:34 INFO  : Context for 'APU' is selected.
20:36:36 INFO  : Hardware design and registers information is loaded from 'C:/Users/Jeyun/Desktop/fpga/barami_project_2024/memory/workspace/top/export/top/hw/top.xsa'.
20:36:36 INFO  : 'configparams force-mem-access 1' command is executed.
20:36:36 INFO  : Context for 'APU' is selected.
20:36:36 INFO  : Sourcing of 'C:/Users/Jeyun/Desktop/fpga/barami_project_2024/memory/workspace/project/_ide/psinit/ps7_init.tcl' is done.
20:36:36 INFO  : 'ps7_init' command is executed.
20:36:36 INFO  : 'ps7_post_config' command is executed.
20:36:36 INFO  : Context for processor 'ps7_cortexa9_0' is selected.
20:36:36 INFO  : The application 'C:/Users/Jeyun/Desktop/fpga/barami_project_2024/memory/workspace/project/Debug/project.elf' is downloaded to processor 'ps7_cortexa9_0'.
20:36:36 INFO  : 'configparams force-mem-access 0' command is executed.
20:36:36 INFO  : ----------------XSDB Script----------------
connect -url tcp:127.0.0.1:3121
targets -set -nocase -filter {name =~"APU*"}
rst -system
after 3000
targets -set -filter {jtag_cable_name =~ "Digilent Zybo Z7 210351B485AFA" && level==0 && jtag_device_ctx=="jsn-Zybo Z7-210351B485AFA-13722093-0"}
fpga -file C:/Users/Jeyun/Desktop/fpga/barami_project_2024/memory/workspace/project/_ide/bitstream/top.bit
targets -set -nocase -filter {name =~"APU*"}
loadhw -hw C:/Users/Jeyun/Desktop/fpga/barami_project_2024/memory/workspace/top/export/top/hw/top.xsa -mem-ranges [list {0x40000000 0xbfffffff}] -regs
configparams force-mem-access 1
targets -set -nocase -filter {name =~"APU*"}
source C:/Users/Jeyun/Desktop/fpga/barami_project_2024/memory/workspace/project/_ide/psinit/ps7_init.tcl
ps7_init
ps7_post_config
targets -set -nocase -filter {name =~ "*A9*#0"}
dow C:/Users/Jeyun/Desktop/fpga/barami_project_2024/memory/workspace/project/Debug/project.elf
configparams force-mem-access 0
----------------End of Script----------------

20:36:36 INFO  : Context for processor 'ps7_cortexa9_0' is selected.
20:36:36 INFO  : 'con' command is executed.
20:36:36 INFO  : ----------------XSDB Script (After Launch)----------------
targets -set -nocase -filter {name =~ "*A9*#0"}
con
----------------End of Script----------------

20:36:36 INFO  : Launch script is exported to file 'C:\Users\Jeyun\Desktop\fpga\barami_project_2024\memory\workspace\project_system\_ide\scripts\debugger_project-default.tcl'
20:44:49 INFO  : Disconnected from the channel tcfchan#9.
